[INFO] Scanning for projects...
[INFO] 
[INFO] -----------------------< com.haircraft:backend >------------------------
[INFO] Building HairCraft Backend 0.0.1-SNAPSHOT
[INFO]   from pom.xml
[INFO] --------------------------------[ jar ]---------------------------------
[INFO] 
[INFO] --- clean:3.3.2:clean (default-clean) @ backend ---
[INFO] Deleting C:\Users\Hp\OneDrive\Desktop\haircraft\backend\target
[INFO] 
[INFO] --- resources:3.3.1:resources (default-resources) @ backend ---
[INFO] Copying 1 resource from src\main\resources to target\classes
[INFO] Copying 0 resource from src\main\resources to target\classes
[INFO] 
[INFO] --- compiler:3.11.0:compile (default-compile) @ backend ---
[INFO] Changes detected - recompiling the module! :source
[INFO] Compiling 73 source files with javac [debug release 17] to target\classes
[INFO] /C:/Users/Hp/OneDrive/Desktop/haircraft/backend/src/main/java/com/haircraft/backend/service/GoogleAuthService.java: C:\Users\Hp\OneDrive\Desktop\haircraft\backend\src\main\java\com\haircraft\backend\service\GoogleAuthService.java uses or overrides a deprecated API.
[INFO] /C:/Users/Hp/OneDrive/Desktop/haircraft/backend/src/main/java/com/haircraft/backend/service/GoogleAuthService.java: Recompile with -Xlint:deprecation for details.
[INFO] -------------------------------------------------------------
[ERROR] COMPILATION ERROR : 
[INFO] -------------------------------------------------------------
[ERROR] /C:/Users/Hp/OneDrive/Desktop/haircraft/backend/src/main/java/com/haircraft/backend/controller/DebugController.java:[37,47] cannot find symbol
  symbol:   class RequestParam
  location: class com.haircraft.backend.controller.DebugController
[INFO] 1 error
[INFO] -------------------------------------------------------------
[INFO] ------------------------------------------------------------------------
[INFO] BUILD FAILURE
[INFO] ------------------------------------------------------------------------
[INFO] Total time:  6.540 s
[INFO] Finished at: 2026-02-11T11:48:20+05:30
[INFO] ------------------------------------------------------------------------
[ERROR] Failed to execute goal org.apache.maven.plugins:maven-compiler-plugin:3.11.0:compile (default-compile) on project backend: Compilation failure
[ERROR] /C:/Users/Hp/OneDrive/Desktop/haircraft/backend/src/main/java/com/haircraft/backend/controller/DebugController.java:[37,47] cannot find symbol
[ERROR]   symbol:   class RequestParam
[ERROR]   location: class com.haircraft.backend.controller.DebugController
[ERROR] 
[ERROR] -> [Help 1]
[ERROR] 
[ERROR] To see the full stack trace of the errors, re-run Maven with the -e switch.
[ERROR] Re-run Maven using the -X switch to enable full debug logging.
[ERROR] 
[ERROR] For more information about the errors and possible solutions, please read the following articles:
[ERROR] [Help 1] http://cwiki.apache.org/confluence/display/MAVEN/MojoFailureException
